<?xml version="1.0" encoding="windows-1252" ?>
<adfc-config xmlns="http://xmlns.oracle.com/adf/controller" version="1.2">
  <task-flow-definition id="test-reset-tf">
    <default-activity id="__1">TestReset</default-activity>
    <view id="TestReset">
      <page>/pageFragments/TestReset.jsff</page>
    </view>
    <use-page-fragments/>
  </task-flow-definition>
</adfc-config>
